0 info it worked if it ends with ok
1 verbose cli [ '/home/ubuntu/.nvm/versions/node/v6.11.3/bin/node',
1 verbose cli   '/home/ubuntu/.nvm/versions/node/v6.11.3/bin/npm',
1 verbose cli   'install',
1 verbose cli   'through2-map' ]
2 info using npm@3.10.10
3 info using node@v6.11.3
4 silly loadCurrentTree Starting
5 silly install loadCurrentTree
6 silly install readLocalPackageData
7 silly fetchPackageMetaData through2-map
8 silly fetchNamedPackageData through2-map
9 silly mapToRegistry name through2-map
10 silly mapToRegistry using default registry
11 silly mapToRegistry registry http://localhost:15443/
12 silly mapToRegistry data Result {
12 silly mapToRegistry   raw: 'through2-map',
12 silly mapToRegistry   scope: null,
12 silly mapToRegistry   escapedName: 'through2-map',
12 silly mapToRegistry   name: 'through2-map',
12 silly mapToRegistry   rawSpec: '',
12 silly mapToRegistry   spec: 'latest',
12 silly mapToRegistry   type: 'tag' }
13 silly mapToRegistry uri http://localhost:15443/through2-map
14 verbose request uri http://localhost:15443/through2-map
15 verbose request no auth needed
16 info attempt registry request try #1 at 2:32:19 AM
17 verbose request id cdc5efcd8c586fca
18 http request GET http://localhost:15443/through2-map
19 info retry will retry, error on last attempt: Error: connect ECONNREFUSED 127.0.0.1:15443
20 info attempt registry request try #2 at 2:32:29 AM
21 http request GET http://localhost:15443/through2-map
22 info retry will retry, error on last attempt: Error: connect ECONNREFUSED 127.0.0.1:15443
23 info attempt registry request try #3 at 2:33:29 AM
24 http request GET http://localhost:15443/through2-map
25 silly fetchPackageMetaData Error: connect ECONNREFUSED 127.0.0.1:15443
25 silly fetchPackageMetaData     at Object.exports._errnoException (util.js:1020:11)
25 silly fetchPackageMetaData     at exports._exceptionWithHostPort (util.js:1043:20)
25 silly fetchPackageMetaData     at TCPConnectWrap.afterConnect [as oncomplete] (net.js:1086:14)
25 silly fetchPackageMetaData  error for through2-map { Error: connect ECONNREFUSED 127.0.0.1:15443
25 silly fetchPackageMetaData     at Object.exports._errnoException (util.js:1020:11)
25 silly fetchPackageMetaData     at exports._exceptionWithHostPort (util.js:1043:20)
25 silly fetchPackageMetaData     at TCPConnectWrap.afterConnect [as oncomplete] (net.js:1086:14)
25 silly fetchPackageMetaData   code: 'ECONNREFUSED',
25 silly fetchPackageMetaData   errno: 'ECONNREFUSED',
25 silly fetchPackageMetaData   syscall: 'connect',
25 silly fetchPackageMetaData   address: '127.0.0.1',
25 silly fetchPackageMetaData   port: 15443 }
26 silly rollbackFailedOptional Starting
27 silly rollbackFailedOptional Finishing
28 silly runTopLevelLifecycles Finishing
29 silly install printInstalled
30 verbose stack Error: connect ECONNREFUSED 127.0.0.1:15443
30 verbose stack     at Object.exports._errnoException (util.js:1020:11)
30 verbose stack     at exports._exceptionWithHostPort (util.js:1043:20)
30 verbose stack     at TCPConnectWrap.afterConnect [as oncomplete] (net.js:1086:14)
31 verbose cwd /home/ubuntu/workspace/dev
32 error Linux 4.9.17-c9
33 error argv "/home/ubuntu/.nvm/versions/node/v6.11.3/bin/node" "/home/ubuntu/.nvm/versions/node/v6.11.3/bin/npm" "install" "through2-map"
34 error node v6.11.3
35 error npm  v3.10.10
36 error code ECONNREFUSED
37 error errno ECONNREFUSED
38 error syscall connect
39 error Error: connect ECONNREFUSED 127.0.0.1:15443
39 error     at Object.exports._errnoException (util.js:1020:11)
39 error     at exports._exceptionWithHostPort (util.js:1043:20)
39 error     at TCPConnectWrap.afterConnect [as oncomplete] (net.js:1086:14)
39 error  { Error: connect ECONNREFUSED 127.0.0.1:15443
39 error     at Object.exports._errnoException (util.js:1020:11)
39 error     at exports._exceptionWithHostPort (util.js:1043:20)
39 error     at TCPConnectWrap.afterConnect [as oncomplete] (net.js:1086:14)
39 error   code: 'ECONNREFUSED',
39 error   errno: 'ECONNREFUSED',
39 error   syscall: 'connect',
39 error   address: '127.0.0.1',
39 error   port: 15443 }
40 error If you are behind a proxy, please make sure that the
40 error 'proxy' config is set properly.  See: 'npm help config'
41 verbose exit [ 1, true ]
